z>>>2026-04-11 18:26:04,591-py52-INFO-login_page.py: 导航到注册页: /register.html
>>>2026-04-11 18:26:12,942-py52-INFO-login_page.py: 输入用户名:cxp4 
>>>2026-04-11 18:26:18,623-py52-INFO-login_page.py: 输入登录密码 
>>>2026-04-11 18:26:18,935-py52-INFO-login_page.py: 点击登录按钮 
>>>2026-04-11 18:26:38,370-py52-INFO-login_page.py: 导航到注册页: /register.html 
>>>2026-04-11 18:26:40,008-py52-INFO-login_page.py: 输入用户名: 
>>>2026-04-11 18:26:42,869-py52-INFO-login_page.py: 输入登录密码 
>>>2026-04-11 18:26:43,099-py52-INFO-login_page.py: 点击登录按钮 
>>>2026-04-11 18:26:44,290-py52-INFO-login_page.py: 导航到注册页: /register.html 
>>>2026-04-11 18:26:46,038-py52-INFO-login_page.py: 输入用户名:cxp4 
>>>2026-04-11 18:26:48,178-py52-INFO-login_page.py: 输入登录密码 
>>>2026-04-11 18:26:48,295-py52-INFO-login_page.py: 点击登录按钮 
>>>2026-04-11 18:26:56,849-py52-INFO-login_page.py: 导航到注册页: /register.html 
>>>2026-04-11 18:26:58,722-py52-INFO-login_page.py: 输入用户名:cxp4 
>>>2026-04-11 18:27:01,028-py52-INFO-login_page.py: 输入登录密码 
>>>2026-04-11 18:27:01,204-py52-INFO-login_page.py: 点击登录按钮 
>>>2026-04-11 19:33:12,913-py52-INFO-conftest.py: ============================================================ 开始执行：登录成功 ============================================================ 
>>>2026-04-11 19:33:13,279-py52-INFO-login_page.py: 导航到注册页: /register.html 
>>>2026-04-11 19:33:16,118-py52-INFO-login_page.py: 输入用户名:cxp4 
>>>2026-04-11 19:33:23,328-py52-INFO-login_page.py: 输入登录密码 
>>>2026-04-11 19:33:23,777-py52-INFO-login_page.py: 点击登录按钮 
>>>2026-04-11 19:33:33,561-py52-INFO-conftest.py: ============================================================ 执行完成：登录成功 ============================================================
 
>>>2026-04-11 19:33:33,590-py52-INFO-conftest.py: ============================================================ 开始执行：用户名为空，点击登录 ============================================================ 
>>>2026-04-11 19:33:33,840-py52-INFO-login_page.py: 导航到注册页: /register.html 
>>>2026-04-11 19:33:35,156-py52-INFO-login_page.py: 输入用户名: 
>>>2026-04-11 19:33:37,141-py52-INFO-login_page.py: 输入登录密码 
>>>2026-04-11 19:33:37,324-py52-INFO-login_page.py: 点击登录按钮 
>>>2026-04-11 19:33:37,906-py52-INFO-conftest.py: ============================================================ 执行完成：用户名为空，点击登录 ============================================================
 
>>>2026-04-11 19:33:37,911-py52-INFO-conftest.py: ============================================================ 开始执行：密码为空，点击登录 ============================================================ 
>>>2026-04-11 19:33:38,166-py52-INFO-login_page.py: 导航到注册页: /register.html 
>>>2026-04-11 19:33:39,531-py52-INFO-login_page.py: 输入用户名:cxp4 
>>>2026-04-11 19:33:41,653-py52-INFO-login_page.py: 输入登录密码 
>>>2026-04-11 19:33:41,943-py52-INFO-login_page.py: 点击登录按钮 
>>>2026-04-11 19:33:51,192-py52-INFO-conftest.py: ============================================================ 执行完成：密码为空，点击登录 ============================================================
 
>>>2026-04-11 19:33:51,196-py52-INFO-conftest.py: ============================================================ 开始执行：密码为空，点击登录 ============================================================ 
>>>2026-04-11 19:33:51,884-py52-INFO-login_page.py: 导航到注册页: /register.html 
>>>2026-04-11 19:33:55,004-py52-INFO-login_page.py: 输入用户名:cxp4 
>>>2026-04-11 19:33:59,912-py52-INFO-login_page.py: 输入登录密码 
>>>2026-04-11 19:34:00,053-py52-INFO-login_page.py: 点击登录按钮 
>>>2026-04-11 19:34:08,794-py52-INFO-conftest.py: ============================================================ 执行完成：密码为空，点击登录 ============================================================
 
>>>2026-04-11 19:37:05,391-[登录成功]-py52-INFO-conftest.py: ============================================================ 开始执行：登录成功 ============================================================ 
>>>2026-04-11 19:37:05,787-[登录成功]-py52-INFO-login_page.py: 导航到注册页: /register.html 
>>>2026-04-11 19:37:08,468-[登录成功]-py52-INFO-login_page.py: 输入用户名:cxp4 
>>>2026-04-11 19:37:14,135-[登录成功]-py52-INFO-login_page.py: 输入登录密码 
>>>2026-04-11 19:37:14,586-[登录成功]-py52-INFO-login_page.py: 点击登录按钮 
>>>2026-04-11 19:37:50,005-[登录成功]-py52-INFO-conftest.py: ============================================================ 执行完成：登录成功 ============================================================
 
>>>2026-04-11 19:37:50,008-[用户名为空，点击登录]-py52-INFO-conftest.py: ============================================================ 开始执行：用户名为空，点击登录 ============================================================ 
>>>2026-04-11 19:37:50,234-[用户名为空，点击登录]-py52-INFO-login_page.py: 导航到注册页: /register.html 
>>>2026-04-11 19:37:51,570-[用户名为空，点击登录]-py52-INFO-login_page.py: 输入用户名: 
>>>2026-04-11 19:37:54,072-[用户名为空，点击登录]-py52-INFO-login_page.py: 输入登录密码 
>>>2026-04-11 19:37:54,304-[用户名为空，点击登录]-py52-INFO-login_page.py: 点击登录按钮 
>>>2026-04-11 19:37:55,147-[用户名为空，点击登录]-py52-INFO-conftest.py: ============================================================ 执行完成：用户名为空，点击登录 ============================================================
 
>>>2026-04-11 19:37:55,153-[密码为空，点击登录]-py52-INFO-conftest.py: ============================================================ 开始执行：密码为空，点击登录 ============================================================ 
>>>2026-04-11 19:37:55,493-[密码为空，点击登录]-py52-INFO-login_page.py: 导航到注册页: /register.html 
>>>2026-04-11 19:37:56,861-[密码为空，点击登录]-py52-INFO-login_page.py: 输入用户名:cxp4 
>>>2026-04-11 19:37:58,845-[密码为空，点击登录]-py52-INFO-login_page.py: 输入登录密码 
>>>2026-04-11 19:37:59,013-[密码为空，点击登录]-py52-INFO-login_page.py: 点击登录按钮 
>>>2026-04-11 19:38:06,320-[密码为空，点击登录]-py52-INFO-conftest.py: ============================================================ 执行完成：密码为空，点击登录 ============================================================
 
>>>2026-04-11 19:38:06,325-[密码为空，点击登录]-py52-INFO-conftest.py: ============================================================ 开始执行：密码为空，点击登录 ============================================================ 
>>>2026-04-11 19:38:06,597-[密码为空，点击登录]-py52-INFO-login_page.py: 导航到注册页: /register.html 
>>>2026-04-11 19:38:08,288-[密码为空，点击登录]-py52-INFO-login_page.py: 输入用户名:cxp4 
>>>2026-04-11 19:38:10,869-[密码为空，点击登录]-py52-INFO-login_page.py: 输入登录密码 
>>>2026-04-11 19:38:11,065-[密码为空，点击登录]-py52-INFO-login_page.py: 点击登录按钮 
>>>2026-04-11 19:38:18,562-[密码为空，点击登录]-py52-INFO-conftest.py: ============================================================ 执行完成：密码为空，点击登录 ============================================================
 
