>>>2026-04-13 23:24:51,522-[登录成功]-py52-INFO-conftest.py: ============================================================ 开始执行：登录成功 ============================================================ 
>>>2026-04-13 23:24:52,152-[登录成功]-py52-INFO-login_page.py: 导航到注册页: /register.html 
>>>2026-04-13 23:25:08,530-[登录成功]-py52-INFO-login_page.py: 输入用户名:cxp4 
>>>2026-04-13 23:25:12,563-[登录成功]-py52-INFO-login_page.py: 输入登录密码 
>>>2026-04-13 23:25:12,739-[登录成功]-py52-INFO-login_page.py: 点击登录按钮 
>>>2026-04-13 23:26:14,254-[登录成功]-py52-INFO-conftest.py: ============================================================ 执行完成：登录成功 ============================================================
 
>>>2026-04-13 23:26:14,258-[用户名为空，点击登录]-py52-INFO-conftest.py: ============================================================ 开始执行：用户名为空，点击登录 ============================================================ 
>>>2026-04-13 23:26:14,567-[用户名为空，点击登录]-py52-INFO-login_page.py: 导航到注册页: /register.html 
>>>2026-04-13 23:26:17,564-[用户名为空，点击登录]-py52-INFO-login_page.py: 输入用户名: 
>>>2026-04-13 23:26:26,773-[用户名为空，点击登录]-py52-INFO-login_page.py: 输入登录密码 
>>>2026-04-13 23:26:27,158-[用户名为空，点击登录]-py52-INFO-login_page.py: 点击登录按钮 
>>>2026-04-13 23:26:30,231-[用户名为空，点击登录]-py52-INFO-conftest.py: ============================================================ 执行完成：用户名为空，点击登录 ============================================================
 
>>>2026-04-13 23:26:30,235-[密码为空，点击登录]-py52-INFO-conftest.py: ============================================================ 开始执行：密码为空，点击登录 ============================================================ 
>>>2026-04-13 23:26:30,668-[密码为空，点击登录]-py52-INFO-login_page.py: 导航到注册页: /register.html 
>>>2026-04-13 23:26:32,967-[密码为空，点击登录]-py52-INFO-login_page.py: 输入用户名:cxp4 
>>>2026-04-13 23:26:36,404-[密码为空，点击登录]-py52-INFO-login_page.py: 输入登录密码 
>>>2026-04-13 23:26:37,065-[密码为空，点击登录]-py52-INFO-login_page.py: 点击登录按钮 
>>>2026-04-13 23:26:46,873-[密码为空，点击登录]-py52-INFO-conftest.py: ============================================================ 执行完成：密码为空，点击登录 ============================================================
 
>>>2026-04-13 23:26:46,878-[密码为空，点击登录]-py52-INFO-conftest.py: ============================================================ 开始执行：密码为空，点击登录 ============================================================ 
>>>2026-04-13 23:26:47,449-[密码为空，点击登录]-py52-INFO-login_page.py: 导航到注册页: /register.html 
>>>2026-04-13 23:26:50,101-[密码为空，点击登录]-py52-INFO-login_page.py: 输入用户名:cxp4 
>>>2026-04-13 23:26:53,746-[密码为空，点击登录]-py52-INFO-login_page.py: 输入登录密码 
>>>2026-04-13 23:26:53,930-[密码为空，点击登录]-py52-INFO-login_page.py: 点击登录按钮 
>>>2026-04-13 23:27:07,285-[密码为空，点击登录]-py52-INFO-conftest.py: ============================================================ 执行完成：密码为空，点击登录 ============================================================
 
